                  Warning	Simulationssekunde 314.9: Nach 60.0 Sekunden Warten auf Fahrstreifenwechsel wurde das Fahrzeug 113 (on Static Vehicle Route 43 - 1) von Strecke 8 bei Position 366.0 entfernt.	Network object type: Vehicle	Network object keys: 113
                  Warning	Simulationssekunde 446.0: Nach 60.0 Sekunden Warten auf Fahrstreifenwechsel wurde das Fahrzeug 1038 (on Static Vehicle Route 25 - 2) von Strecke 35 bei Position 173.0 entfernt.	Network object type: Vehicle	Network object keys: 1038
                  Warning	Simulationssekunde 481.3: Nach 60.0 Sekunden Warten auf Fahrstreifenwechsel wurde das Fahrzeug 846 (on 1: Linhas75_855) von Strecke 41 bei Position 66.0 entfernt.	Network object type: Vehicle	Network object keys: 846
                  Warning	Simulationssekunde 555.6: Nach 60.0 Sekunden Warten auf Fahrstreifenwechsel wurde das Fahrzeug 1326 (on Static Vehicle Route 32 - 2) von Strecke 16 bei Position 145.0 entfernt.	Network object type: Vehicle	Network object keys: 1326
                  Warning	Simulationssekunde 868.4: Nach 60.0 Sekunden Warten auf Fahrstreifenwechsel wurde das Fahrzeug 2187 (on Static Vehicle Route 29 - 2) von Strecke 23 bei Position 117.0 entfernt.	Network object type: Vehicle	Network object keys: 2187
                  Warning	Simulationssekunde 1170.4: Nach 60.0 Sekunden Warten auf Fahrstreifenwechsel wurde das Fahrzeug 2806 (on Static Vehicle Route 36 - 2) von Strecke 3 bei Position 193.0 entfernt.	Network object type: Vehicle	Network object keys: 2806
                  Warning	Simulationssekunde 1772.0: Nach 60.0 Sekunden Warten auf Fahrstreifenwechsel wurde das Fahrzeug 4056 (on 4: Linhas12_44_45_85_99) von Strecke 2 bei Position 2064.0 entfernt.	Network object type: Vehicle	Network object keys: 4056
                  Warning	Simulationssekunde 1886.7: Nach 60.0 Sekunden Warten auf Fahrstreifenwechsel wurde das Fahrzeug 4068 (on 2: Linhas75_855) von Strecke 2 bei Position 1677.0 entfernt.	Network object type: Vehicle	Network object keys: 4068
                  Warning	Simulationssekunde 2008.2: Nach 60.0 Sekunden Warten auf Fahrstreifenwechsel wurde das Fahrzeug 4895 (on 1: Linhas75_855) von Strecke 41 bei Position 66.0 entfernt.	Network object type: Vehicle	Network object keys: 4895
                  Warning	Simulationssekunde 2111.3: Nach 60.0 Sekunden Warten auf Fahrstreifenwechsel wurde das Fahrzeug 4897 (on 10: Linha702) von Strecke 3 bei Position 286.0 entfernt.	Network object type: Vehicle	Network object keys: 4897
                  Warning	Simulationssekunde 2133.5: Nach 60.0 Sekunden Warten auf Fahrstreifenwechsel wurde das Fahrzeug 5470 (on 3: Linhas11_44_45_85_94_99) von Strecke 1 bei Position 399.0 entfernt.	Network object type: Vehicle	Network object keys: 5470
                  Warning	Simulationssekunde 2275.0: Nach 60.0 Sekunden Warten auf Fahrstreifenwechsel wurde das Fahrzeug 4709 (on 5: Linhas29_30_87) von Strecke 3 bei Position 286.0 entfernt.	Network object type: Vehicle	Network object keys: 4709
                  Warning	Simulationssekunde 2449.2: Nach 60.0 Sekunden Warten auf Fahrstreifenwechsel wurde das Fahrzeug 5459 (on 5: Linhas29_30_87) von Strecke 3 bei Position 286.0 entfernt.	Network object type: Vehicle	Network object keys: 5459
                  Warning	Simulationssekunde 2518.0: Nach 60.0 Sekunden Warten auf Fahrstreifenwechsel wurde das Fahrzeug 6206 (on 3: Linhas11_44_45_85_94_99) von Strecke 42 bei Position 29.0 entfernt.	Network object type: Vehicle	Network object keys: 6206
                  Warning	Simulationssekunde 2557.7: Nach 60.0 Sekunden Warten auf Fahrstreifenwechsel wurde das Fahrzeug 5540 (on 6: Linhas29_30) von Strecke 2 bei Position 2064.0 entfernt.	Network object type: Vehicle	Network object keys: 5540
                  Warning	Simulationssekunde 2604.1: Nach 60.0 Sekunden Warten auf Fahrstreifenwechsel wurde das Fahrzeug 5847 (on 5: Linhas29_30_87) von Strecke 3 bei Position 286.0 entfernt.	Network object type: Vehicle	Network object keys: 5847
                  Warning	Simulationssekunde 2906.0: Nach 60.0 Sekunden Warten auf Fahrstreifenwechsel wurde das Fahrzeug 6522 (on 6: Linhas29_30) von Strecke 2 bei Position 1677.0 entfernt.	Network object type: Vehicle	Network object keys: 6522
                  Warning	Simulationssekunde 2925.7: Nach 60.0 Sekunden Warten auf Fahrstreifenwechsel wurde das Fahrzeug 7477 (on Static Vehicle Route 36 - 2) von Strecke 3 bei Position 193.0 entfernt.	Network object type: Vehicle	Network object keys: 7477
                  Warning	Simulationssekunde 3082.6: Nach 60.0 Sekunden Warten auf Fahrstreifenwechsel wurde das Fahrzeug 7869 (on Static Vehicle Route 36 - 2) von Strecke 3 bei Position 193.0 entfernt.	Network object type: Vehicle	Network object keys: 7869
                  Warning	Simulationssekunde 3149.0: Nach 60.0 Sekunden Warten auf Fahrstreifenwechsel wurde das Fahrzeug 7932 (on 5: Linhas29_30_87) von Strecke 42 bei Position 506.0 entfernt.	Network object type: Vehicle	Network object keys: 7932
                  Warning	Simulationssekunde 3238.3: Nach 60.0 Sekunden Warten auf Fahrstreifenwechsel wurde das Fahrzeug 8229 (on 7: Linha27) von Strecke 3 bei Position 286.0 entfernt.	Network object type: Vehicle	Network object keys: 8229
                  Warning	Simulationssekunde 3284.9: Nach 60.0 Sekunden Warten auf Fahrstreifenwechsel wurde das Fahrzeug 8728 (on 5: Linhas29_30_87) von Strecke 1 bei Position 399.0 entfernt.	Network object type: Vehicle	Network object keys: 8728
                  Warning	Simulationssekunde 3489.6: Nach 60.0 Sekunden Warten auf Fahrstreifenwechsel wurde das Fahrzeug 8489 (on 6: Linhas29_30) von Strecke 2 bei Position 2064.0 entfernt.	Network object type: Vehicle	Network object keys: 8489
                  Warning	Simulationssekunde 3688.8: Nach 60.0 Sekunden Warten auf Fahrstreifenwechsel wurde das Fahrzeug 9709 (on 4: Linhas12_44_45_85_99) von Strecke 2 bei Position 2064.0 entfernt.	Network object type: Vehicle	Network object keys: 9709
                  Warning	Simulationssekunde 3808.3: Nach 60.0 Sekunden Warten auf Fahrstreifenwechsel wurde das Fahrzeug 9923 (on 5: Linhas29_30_87) von Strecke 41 bei Position 66.0 entfernt.	Network object type: Vehicle	Network object keys: 9923
